{
  "RSpec": {
    "coverage": {
      "/Users/austin/Projects/Makers_Academy/full_time/week2/oystercard/spec/oystercard_spec.rb": [
        1,
        null,
        1,
        null,
        3,
        11,
        null,
        1,
        10,
        null,
        null,
        1,
        1,
        1,
        null,
        null,
        null,
        1,
        2,
        null,
        1,
        1,
        1,
        4,
        null,
        null,
        1,
        2,
        null,
        null,
        null,
        1,
        null,
        1,
        1,
        1,
        null,
        null,
        1,
        2,
        null,
        null,
        null,
        1,
        1,
        1,
        1,
        1,
        null,
        null,
        1,
        1,
        4,
        null,
        null,
        null,
        1,
        1,
        1,
        null,
        null,
        1,
        1,
        null,
        null,
        null,
        null
      ],
      "/Users/austin/Projects/Makers_Academy/full_time/week2/oystercard/lib/oystercard.rb": [
        1,
        1,
        1,
        null,
        1,
        null,
        1,
        12,
        12,
        null,
        null,
        1,
        12,
        11,
        null,
        null,
        1,
        5,
        4,
        null,
        null,
        1,
        3,
        3,
        null,
        null,
        1,
        4,
        null,
        null,
        1,
        null,
        1,
        3,
        null,
        null,
        1,
        12,
        null,
        null,
        null
      ]
    },
    "timestamp": 1507235385
  }
}
