{
  "RSpec": {
    "coverage": {
      "/Users/austin/Projects/Makers_Academy/full_time/week2/oystercard/spec/oystercard_spec.rb": [
        1,
        null,
        1,
        null,
        3,
        13,
        null,
        8,
        null,
        1,
        12,
        null,
        null,
        1,
        1,
        1,
        null,
        null,
        null,
        1,
        2,
        null,
        1,
        1,
        1,
        4,
        null,
        null,
        1,
        2,
        null,
        null,
        null,
        1,
        1,
        1,
        1,
        null,
        null,
        1,
        2,
        null,
        null,
        1,
        1,
        1,
        null,
        null,
        null,
        1,
        1,
        1,
        1,
        1,
        null,
        null,
        1,
        1,
        4,
        null,
        null,
        1,
        1,
        4,
        null,
        null,
        null,
        1,
        1,
        1,
        null,
        null,
        1,
        1,
        null,
        null,
        null,
        null
      ],
      "/Users/austin/Projects/Makers_Academy/full_time/week2/oystercard/lib/oystercard.rb": [
        1,
        1,
        1,
        null,
        1,
        null,
        1,
        14,
        14,
        null,
        null,
        1,
        14,
        13,
        null,
        null,
        1,
        7,
        6,
        null,
        null,
        1,
        4,
        4,
        null,
        null,
        1,
        4,
        null,
        null,
        1,
        null,
        1,
        4,
        null,
        null,
        1,
        14,
        null,
        null,
        null
      ]
    },
    "timestamp": 1507237847
  }
}
